<?xml version="1.0" encoding="UTF-8"?>
<testsuites name="DataDrivenTest" time="32" tests="3" failures="0" errors="0">
   <testsuite name="DataDrivenTest" tests="3" failures="0" errors="0" time="32" timestamp="2019-04-15 15:50:37" hostname="madhu.boya - QT-INBG-LT0552.QUALITEST.LOCAL" id="Test Suites/DataDrivenTest">
      <properties>
         <property name="deviceName" value=""/>
         <property name="devicePlatform" value=""/>
         <property name="logFolder" value="C:\\Users\\madhu.boya\\Katalon Studio\\SalesForceLightning\\Reports\\DataDrivenTest\\20190415_155030"/>
         <property name="logFiles" value="C:\\Users\\madhu.boya\\Katalon Studio\\SalesForceLightning\\Reports\\DataDrivenTest\\20190415_155030\\execution0.log"/>
         <property name="attachments" value=""/>
         <property name="hostName" value="madhu.boya - QT-INBG-LT0552.QUALITEST.LOCAL"/>
         <property name="os" value="Windows 10 64bit"/>
         <property name="katalonVersion" value="6.1.1.1"/>
         <property name="browser" value="Chrome 73.0.3683.103"/>
         <property name="hostAddress" value="10.20.12.101"/>
         <property name="sessionId" value="5aca26cba05e3b39a8b9209fec7f2cad"/>
         <property name="seleniumVersion" value="3.7.1"/>
         <property name="proxyInformation" value="ProxyInformation{proxyOption=NO_PROXY, proxyServerType=HTTP, password=, proxyServerAddress=, proxyServerPort=0}"/>
         <property name="platform" value="Windows 10"/>
      </properties>
      <testcase name="Test Cases/DataDriven_Testcase01" classname="Test Cases/DataDriven_Testcase01" status="PASSED">
         <system-out><![CDATA[2019-04-15 15:50:37 - [TEST_CASE][PASSED] - Test Cases/DataDriven_Testcase01: Test Cases/DataDriven_Testcase01

2019-04-15 15:50:38 - [TEST_STEP][PASSED] - openBrowser(""): Browser is opened with url: ''

2019-04-15 15:50:38 - [MESSAGE][INFO] - Starting 'Chrome' driver

2019-04-15 15:50:38 - [MESSAGE][INFO] - Action delay is set to 0 seconds

2019-04-15 15:50:43 - [MESSAGE][PASSED] - Browser is opened with url: ''

2019-04-15 15:50:43 - [TEST_STEP][PASSED] - navigateToUrl("https://katalon-demo-cura.herokuapp.com/"): Navigate to 'https://katalon-demo-cura.herokuapp.com/' successfully

2019-04-15 15:50:46 - [MESSAGE][PASSED] - Navigate to 'https://katalon-demo-cura.herokuapp.com/' successfully

2019-04-15 15:50:46 - [TEST_STEP][PASSED] - maximizeWindow(): Current window maximized

2019-04-15 15:50:48 - [MESSAGE][PASSED] - Current window maximized

2019-04-15 15:50:48 - [TEST_STEP][PASSED] - waitForElementVisible(findTestObject("MakeanOpp123"), 20): Object 'Object Repository/MakeanOpp123' is visible

2019-04-15 15:50:48 - [MESSAGE][PASSED] - Object 'Object Repository/MakeanOpp123' is visible

2019-04-15 15:50:48 - [TEST_STEP][PASSED] - click(findTestObject("MakeanOpp123")): Object: 'Object Repository/MakeanOpp123' is clicked on

2019-04-15 15:50:48 - [MESSAGE][PASSED] - Object: 'Object Repository/MakeanOpp123' is clicked on

2019-04-15 15:50:48 - [TEST_STEP][PASSED] - waitForElementPresent(findTestObject("Page_CURA Healthcare Service/username"), 5): Object 'Object Repository/Page_CURA Healthcare Service/username' is present

2019-04-15 15:50:48 - [MESSAGE][PASSED] - Object 'Object Repository/Page_CURA Healthcare Service/username' is present

2019-04-15 15:50:48 - [TEST_STEP][PASSED] - sendKeys(findTestObject("Object Repository/Page_CURA Healthcare Service/username"), Username): Keys 'John Doe' sent to object: 'Object Repository/Page_CURA Healthcare Service/username'

2019-04-15 15:50:48 - [MESSAGE][PASSED] - Keys 'John Doe' sent to object: 'Object Repository/Page_CURA Healthcare Service/username'

2019-04-15 15:50:48 - [TEST_STEP][PASSED] - waitForElementPresent(findTestObject("Object Repository/Page_CURA Healthcare Service/pswd"), 5): Object 'Object Repository/Page_CURA Healthcare Service/pswd' is present

2019-04-15 15:50:48 - [MESSAGE][PASSED] - Object 'Object Repository/Page_CURA Healthcare Service/pswd' is present

2019-04-15 15:50:48 - [TEST_STEP][PASSED] - sendKeys(findTestObject("Object Repository/Page_CURA Healthcare Service/pswd"), password): Keys 'ThisIsNotAPassword' sent to object: 'Object Repository/Page_CURA Healthcare Service/pswd'

2019-04-15 15:50:48 - [MESSAGE][PASSED] - Keys 'ThisIsNotAPassword' sent to object: 'Object Repository/Page_CURA Healthcare Service/pswd'

2019-04-15 15:50:48 - [TEST_STEP][PASSED] - click(findTestObject("Object Repository/Page_CURA Healthcare Service/Login_btn")): Object: 'Object Repository/Page_CURA Healthcare Service/Login_btn' is clicked on

2019-04-15 15:50:49 - [MESSAGE][PASSED] - Object: 'Object Repository/Page_CURA Healthcare Service/Login_btn' is clicked on]]></system-out>
         <system-err><![CDATA[]]></system-err>
      </testcase>
      <testcase name="Test Cases/DataDriven_Testcase01" classname="Test Cases/DataDriven_Testcase01" status="PASSED">
         <system-out><![CDATA[2019-04-15 15:50:49 - [TEST_CASE][PASSED] - Test Cases/DataDriven_Testcase01: Test Cases/DataDriven_Testcase01

2019-04-15 15:50:49 - [TEST_STEP][PASSED] - openBrowser(""): Browser is opened with url: ''

2019-04-15 15:50:49 - [MESSAGE][WARNING] - A browser is already opened. Closing browser and opening a new one

2019-04-15 15:50:50 - [MESSAGE][INFO] - Starting 'Chrome' driver

2019-04-15 15:50:53 - [MESSAGE][PASSED] - Browser is opened with url: ''

2019-04-15 15:50:53 - [TEST_STEP][PASSED] - navigateToUrl("https://katalon-demo-cura.herokuapp.com/"): Navigate to 'https://katalon-demo-cura.herokuapp.com/' successfully

2019-04-15 15:50:56 - [MESSAGE][PASSED] - Navigate to 'https://katalon-demo-cura.herokuapp.com/' successfully

2019-04-15 15:50:56 - [TEST_STEP][PASSED] - maximizeWindow(): Current window maximized

2019-04-15 15:50:57 - [MESSAGE][PASSED] - Current window maximized

2019-04-15 15:50:58 - [TEST_STEP][PASSED] - waitForElementVisible(findTestObject("MakeanOpp123"), 20): Object 'Object Repository/MakeanOpp123' is visible

2019-04-15 15:50:58 - [MESSAGE][PASSED] - Object 'Object Repository/MakeanOpp123' is visible

2019-04-15 15:50:58 - [TEST_STEP][PASSED] - click(findTestObject("MakeanOpp123")): Object: 'Object Repository/MakeanOpp123' is clicked on

2019-04-15 15:50:58 - [MESSAGE][PASSED] - Object: 'Object Repository/MakeanOpp123' is clicked on

2019-04-15 15:50:58 - [TEST_STEP][PASSED] - waitForElementPresent(findTestObject("Page_CURA Healthcare Service/username"), 5): Object 'Object Repository/Page_CURA Healthcare Service/username' is present

2019-04-15 15:50:58 - [MESSAGE][PASSED] - Object 'Object Repository/Page_CURA Healthcare Service/username' is present

2019-04-15 15:50:58 - [TEST_STEP][PASSED] - sendKeys(findTestObject("Object Repository/Page_CURA Healthcare Service/username"), Username): Keys 'John Doe' sent to object: 'Object Repository/Page_CURA Healthcare Service/username'

2019-04-15 15:50:58 - [MESSAGE][PASSED] - Keys 'John Doe' sent to object: 'Object Repository/Page_CURA Healthcare Service/username'

2019-04-15 15:50:58 - [TEST_STEP][PASSED] - waitForElementPresent(findTestObject("Object Repository/Page_CURA Healthcare Service/pswd"), 5): Object 'Object Repository/Page_CURA Healthcare Service/pswd' is present

2019-04-15 15:50:58 - [MESSAGE][PASSED] - Object 'Object Repository/Page_CURA Healthcare Service/pswd' is present

2019-04-15 15:50:58 - [TEST_STEP][PASSED] - sendKeys(findTestObject("Object Repository/Page_CURA Healthcare Service/pswd"), password): Keys 'Admin' sent to object: 'Object Repository/Page_CURA Healthcare Service/pswd'

2019-04-15 15:50:58 - [MESSAGE][PASSED] - Keys 'Admin' sent to object: 'Object Repository/Page_CURA Healthcare Service/pswd'

2019-04-15 15:50:58 - [TEST_STEP][PASSED] - click(findTestObject("Object Repository/Page_CURA Healthcare Service/Login_btn")): Object: 'Object Repository/Page_CURA Healthcare Service/Login_btn' is clicked on

2019-04-15 15:50:59 - [MESSAGE][PASSED] - Object: 'Object Repository/Page_CURA Healthcare Service/Login_btn' is clicked on]]></system-out>
         <system-err><![CDATA[]]></system-err>
      </testcase>
      <testcase name="Test Cases/DataDriven_Testcase01" classname="Test Cases/DataDriven_Testcase01" status="PASSED">
         <system-out><![CDATA[2019-04-15 15:50:59 - [TEST_CASE][PASSED] - Test Cases/DataDriven_Testcase01: Test Cases/DataDriven_Testcase01

2019-04-15 15:50:59 - [TEST_STEP][PASSED] - openBrowser(""): Browser is opened with url: ''

2019-04-15 15:50:59 - [MESSAGE][WARNING] - A browser is already opened. Closing browser and opening a new one

2019-04-15 15:51:00 - [MESSAGE][INFO] - Starting 'Chrome' driver

2019-04-15 15:51:03 - [MESSAGE][PASSED] - Browser is opened with url: ''

2019-04-15 15:51:03 - [TEST_STEP][PASSED] - navigateToUrl("https://katalon-demo-cura.herokuapp.com/"): Navigate to 'https://katalon-demo-cura.herokuapp.com/' successfully

2019-04-15 15:51:06 - [MESSAGE][PASSED] - Navigate to 'https://katalon-demo-cura.herokuapp.com/' successfully

2019-04-15 15:51:06 - [TEST_STEP][PASSED] - maximizeWindow(): Current window maximized

2019-04-15 15:51:07 - [MESSAGE][PASSED] - Current window maximized

2019-04-15 15:51:07 - [TEST_STEP][PASSED] - waitForElementVisible(findTestObject("MakeanOpp123"), 20): Object 'Object Repository/MakeanOpp123' is visible

2019-04-15 15:51:07 - [MESSAGE][PASSED] - Object 'Object Repository/MakeanOpp123' is visible

2019-04-15 15:51:07 - [TEST_STEP][PASSED] - click(findTestObject("MakeanOpp123")): Object: 'Object Repository/MakeanOpp123' is clicked on

2019-04-15 15:51:08 - [MESSAGE][PASSED] - Object: 'Object Repository/MakeanOpp123' is clicked on

2019-04-15 15:51:08 - [TEST_STEP][PASSED] - waitForElementPresent(findTestObject("Page_CURA Healthcare Service/username"), 5): Object 'Object Repository/Page_CURA Healthcare Service/username' is present

2019-04-15 15:51:08 - [MESSAGE][PASSED] - Object 'Object Repository/Page_CURA Healthcare Service/username' is present

2019-04-15 15:51:08 - [TEST_STEP][PASSED] - sendKeys(findTestObject("Object Repository/Page_CURA Healthcare Service/username"), Username): Keys 'Admin' sent to object: 'Object Repository/Page_CURA Healthcare Service/username'

2019-04-15 15:51:08 - [MESSAGE][PASSED] - Keys 'Admin' sent to object: 'Object Repository/Page_CURA Healthcare Service/username'

2019-04-15 15:51:08 - [TEST_STEP][PASSED] - waitForElementPresent(findTestObject("Object Repository/Page_CURA Healthcare Service/pswd"), 5): Object 'Object Repository/Page_CURA Healthcare Service/pswd' is present

2019-04-15 15:51:08 - [MESSAGE][PASSED] - Object 'Object Repository/Page_CURA Healthcare Service/pswd' is present

2019-04-15 15:51:08 - [TEST_STEP][PASSED] - sendKeys(findTestObject("Object Repository/Page_CURA Healthcare Service/pswd"), password): Keys 'Admin' sent to object: 'Object Repository/Page_CURA Healthcare Service/pswd'

2019-04-15 15:51:08 - [MESSAGE][PASSED] - Keys 'Admin' sent to object: 'Object Repository/Page_CURA Healthcare Service/pswd'

2019-04-15 15:51:08 - [TEST_STEP][PASSED] - click(findTestObject("Object Repository/Page_CURA Healthcare Service/Login_btn")): Object: 'Object Repository/Page_CURA Healthcare Service/Login_btn' is clicked on

2019-04-15 15:51:09 - [MESSAGE][PASSED] - Object: 'Object Repository/Page_CURA Healthcare Service/Login_btn' is clicked on]]></system-out>
         <system-err><![CDATA[]]></system-err>
      </testcase>
      <system-out><![CDATA[2019-04-15 15:50:37 - [TEST_SUITE][PASSED] - DataDrivenTest: Test Cases/DataDriven_Testcase01]]></system-out>
      <system-err><![CDATA[]]></system-err>
   </testsuite>
</testsuites>
