<?xml version="1.0" encoding="UTF-8"?>
<testsuites name="Sprint02_testSuite02" time="32" tests="3" failures="0" errors="0">
   <testsuite name="Sprint02_testSuite02" tests="3" failures="0" errors="0" time="32" timestamp="2019-04-15 15:27:22" hostname="madhu.boya - QT-INBG-LT0552.QUALITEST.LOCAL" id="Test Suites/Sanity Suite/Sprint02_testSuite02">
      <properties>
         <property name="deviceName" value=""/>
         <property name="devicePlatform" value=""/>
         <property name="logFolder" value="C:\\Users\\madhu.boya\\Katalon Studio\\SalesForceLightning\\Reports\\Sanity Suite\\Sprint02_testSuite02\\20190415_152636"/>
         <property name="logFiles" value="C:\\Users\\madhu.boya\\Katalon Studio\\SalesForceLightning\\Reports\\Sanity Suite\\Sprint02_testSuite02\\20190415_152636\\execution0.log"/>
         <property name="attachments" value=""/>
         <property name="hostName" value="madhu.boya - QT-INBG-LT0552.QUALITEST.LOCAL"/>
         <property name="os" value="Windows 10 64bit"/>
         <property name="katalonVersion" value="6.1.1.1"/>
         <property name="browser" value="Firefox 66.0"/>
         <property name="hostAddress" value="10.20.12.101"/>
         <property name="sessionId" value="4b07572f-a462-47ec-9d99-53f1f4c2a94d"/>
         <property name="seleniumVersion" value="3.7.1"/>
         <property name="proxyInformation" value="ProxyInformation{proxyOption=NO_PROXY, proxyServerType=HTTP, password=, proxyServerAddress=, proxyServerPort=0}"/>
         <property name="platform" value="Windows 10"/>
      </properties>
      <testcase name="Test Cases/Login_Portal" classname="Test Cases/Login_Portal" status="PASSED">
         <system-out><![CDATA[2019-04-15 15:27:23 - [TEST_CASE][PASSED] - Test Cases/Login_Portal: Test Cases/Login_Portal

2019-04-15 15:27:23 - [TEST_STEP][PASSED] - openBrowser(""): Browser is opened with url: ''

2019-04-15 15:27:23 - [MESSAGE][INFO] - Starting 'Firefox' driver

2019-04-15 15:27:23 - [MESSAGE][INFO] - Action delay is set to 0 seconds

2019-04-15 15:27:37 - [MESSAGE][PASSED] - Browser is opened with url: ''

2019-04-15 15:27:37 - [TEST_STEP][PASSED] - navigateToUrl("https://katalon-demo-cura.herokuapp.com/"): Navigate to 'https://katalon-demo-cura.herokuapp.com/' successfully

2019-04-15 15:27:42 - [MESSAGE][PASSED] - Navigate to 'https://katalon-demo-cura.herokuapp.com/' successfully

2019-04-15 15:27:42 - [TEST_STEP][PASSED] - maximizeWindow(): Current window maximized

2019-04-15 15:27:42 - [MESSAGE][PASSED] - Current window maximized

2019-04-15 15:27:42 - [TEST_STEP][PASSED] - waitForElementVisible(findTestObject("MakeanOpp123"), 20): Object 'Object Repository/MakeanOpp123' is visible

2019-04-15 15:27:42 - [MESSAGE][PASSED] - Object 'Object Repository/MakeanOpp123' is visible

2019-04-15 15:27:42 - [TEST_STEP][PASSED] - click(findTestObject("MakeanOpp123")): Object: 'Object Repository/MakeanOpp123' is clicked on

2019-04-15 15:27:43 - [MESSAGE][PASSED] - Object: 'Object Repository/MakeanOpp123' is clicked on]]></system-out>
         <system-err><![CDATA[]]></system-err>
      </testcase>
      <testcase name="Test Cases/Login as Admin" classname="Test Cases/Login as Admin" status="PASSED">
         <system-out><![CDATA[2019-04-15 15:27:43 - [TEST_CASE][PASSED] - Test Cases/Login as Admin: Test Cases/Login as Admin

2019-04-15 15:27:43 - [TEST_STEP][PASSED] - waitForElementPresent(findTestObject("Page_CURA Healthcare Service/username"), 5): Object 'Object Repository/Page_CURA Healthcare Service/username' is present

2019-04-15 15:27:43 - [MESSAGE][PASSED] - Object 'Object Repository/Page_CURA Healthcare Service/username' is present

2019-04-15 15:27:43 - [TEST_STEP][PASSED] - sendKeys(findTestObject("Object Repository/Page_CURA Healthcare Service/username"), findTestData("21cv/21cvtestdata").getValue(1, 1)): Keys 'John Doe' sent to object: 'Object Repository/Page_CURA Healthcare Service/username'

2019-04-15 15:27:44 - [MESSAGE][PASSED] - Keys 'John Doe' sent to object: 'Object Repository/Page_CURA Healthcare Service/username'

2019-04-15 15:27:44 - [TEST_STEP][PASSED] - waitForElementPresent(findTestObject("Object Repository/Page_CURA Healthcare Service/pswd"), 5): Object 'Object Repository/Page_CURA Healthcare Service/pswd' is present

2019-04-15 15:27:44 - [MESSAGE][PASSED] - Object 'Object Repository/Page_CURA Healthcare Service/pswd' is present

2019-04-15 15:27:44 - [TEST_STEP][PASSED] - sendKeys(findTestObject("Object Repository/Page_CURA Healthcare Service/pswd"), findTestData("21cv/21cvtestdata").getValue(2, 1)): Keys 'ThisIsNotAPassword' sent to object: 'Object Repository/Page_CURA Healthcare Service/pswd'

2019-04-15 15:27:45 - [MESSAGE][PASSED] - Keys 'ThisIsNotAPassword' sent to object: 'Object Repository/Page_CURA Healthcare Service/pswd'

2019-04-15 15:27:45 - [TEST_STEP][PASSED] - click(findTestObject("Object Repository/Page_CURA Healthcare Service/Login_btn")): Object: 'Object Repository/Page_CURA Healthcare Service/Login_btn' is clicked on

2019-04-15 15:27:45 - [MESSAGE][PASSED] - Object: 'Object Repository/Page_CURA Healthcare Service/Login_btn' is clicked on]]></system-out>
         <system-err><![CDATA[]]></system-err>
      </testcase>
      <testcase name="Test Cases/Booking Appoinment" classname="Test Cases/Booking Appoinment" status="PASSED">
         <system-out><![CDATA[2019-04-15 15:27:45 - [TEST_CASE][PASSED] - Test Cases/Booking Appoinment: Test Cases/Booking Appoinment

2019-04-15 15:27:46 - [TEST_STEP][PASSED] - waitForElementPresent(findTestObject("Make an appoinment/Checkbox"), 10): Object 'Object Repository/Make an appoinment/Checkbox' is present

2019-04-15 15:27:46 - [MESSAGE][PASSED] - Object 'Object Repository/Make an appoinment/Checkbox' is present

2019-04-15 15:27:46 - [TEST_STEP][PASSED] - click(findTestObject("Make an appoinment/Checkbox")): Object: 'Object Repository/Make an appoinment/Checkbox' is clicked on

2019-04-15 15:27:46 - [MESSAGE][PASSED] - Object: 'Object Repository/Make an appoinment/Checkbox' is clicked on

2019-04-15 15:27:46 - [TEST_STEP][PASSED] - setText(findTestObject("Object Repository/Make an appoinment/Comment textbox"), "Confirmed booking on sunday"): Text 'Confirmed booking on sunday' is set on object 'Object Repository/Make an appoinment/Comment textbox'

2019-04-15 15:27:46 - [MESSAGE][PASSED] - Text 'Confirmed booking on sunday' is set on object 'Object Repository/Make an appoinment/Comment textbox'

2019-04-15 15:27:46 - [TEST_STEP][PASSED] - click(findTestObject("Object Repository/Make an appoinment/Calander Icon")): Object: 'Object Repository/Make an appoinment/Calander Icon' is clicked on

2019-04-15 15:27:47 - [MESSAGE][PASSED] - Object: 'Object Repository/Make an appoinment/Calander Icon' is clicked on

2019-04-15 15:27:47 - [TEST_STEP][PASSED] - waitForElementPresent(findTestObject("Object Repository/Make an appoinment/DateSelector"), 10): Object 'Object Repository/Make an appoinment/DateSelector' is present

2019-04-15 15:27:47 - [MESSAGE][PASSED] - Object 'Object Repository/Make an appoinment/DateSelector' is present

2019-04-15 15:27:47 - [TEST_STEP][PASSED] - click(findTestObject("Object Repository/Make an appoinment/DateSelector")): Object: 'Object Repository/Make an appoinment/DateSelector' is clicked on

2019-04-15 15:27:47 - [MESSAGE][PASSED] - Object: 'Object Repository/Make an appoinment/DateSelector' is clicked on

2019-04-15 15:27:47 - [TEST_STEP][PASSED] - delay(3): Delayed 3 second(s)

2019-04-15 15:27:50 - [MESSAGE][PASSED] - Delayed 3 second(s)

2019-04-15 15:27:50 - [TEST_STEP][PASSED] - click(findTestObject("Object Repository/Make an appoinment/Booking")): Object: 'Object Repository/Make an appoinment/Booking' is clicked on

2019-04-15 15:27:51 - [MESSAGE][PASSED] - Object: 'Object Repository/Make an appoinment/Booking' is clicked on]]></system-out>
         <system-err><![CDATA[]]></system-err>
      </testcase>
      <system-out><![CDATA[2019-04-15 15:27:22 - [TEST_SUITE][PASSED] - Sprint02_testSuite02: Test Cases/Booking Appoinment]]></system-out>
      <system-err><![CDATA[]]></system-err>
   </testsuite>
</testsuites>
